2016-07-01 14:14:50.573 ---  *** StarStart_date =  2006-07-23_00:2016-07-01 14:14:50.573 --- Start_date =  20output format is WPS
Path to intermediate files is ./

###############################################################################

Inventory for date = 2006-07-23 00:00:00

PRES   TT       UU       VV       RH       HGT      PSFC     PMSL     SM000010 SM010040 SM040100 SM100200 SM010200 ST000010 ST010040 ST040100 ST100200 ST010200 SEAICE   LANDSEA  SOILHGT  SKINTEMP SNOW     SNOWH    UMAXW    VMAXW    PMAXW    PMAXWNN  TMAXW    HGTMAXW  UTROP    VTROP    PTROP    PTROPNN  TTROP    HGTTROP 
-------------------------------------------------------------------------------
2013.0  O        O        O        O        O        O        X        O        O        O        O        O        O        O        O        O        O        O        O        O        O        O        O        O        O        O        O        O        O        O        O        O        O        O        O      
2001.1  O        O        O        O        O        O        O        O        O        O        O        O        O        O        O        O        O        O        O        O        O        X        O        O        O        O        O        O        O        O        O        O        O        O        O      
2001.0  O        O        X        O        O        O        O        O        O        O        O        O        O        O        O        O        O        O        O        O        O        O        O        O        O        O        O        O        O        O        O        O        O        O        O      
2001.0  O        X        O        O        O        O        O        O        O        O        O        O        O        O        O        O        O        O        O        O        O        O        O        O        O        O        O        O        O        O        O        O        O        O        O      
2001.0  O        O        O        X        O        O        O        O        O        O        O        O        O        O        O        O        O        O        O        O        O        O        O        O        O        O        O        O        O        O        O        O        O        O        O      
2001.0  X        O        O        O        O        X        O        X        X        X        X        O        X        X        X        X        O        X        X        X        X        O        O        O        O        O        O        O        O        O        O        O        O        O        O      
1000.0  X        X        X        X        X                                                                                                                                                                                                                                                                                    
 975.0  X        X        X        X        X                                                                                                                                                                                                                                                                                    
 950.0  X        X        X        X        X                                                                                                                                                                                                                                                                                    
 925.0  X        X        X        X        X                                                                                                                                                                                                                                                                                    
 900.0  X        X        X        X        X                                                                                                                                                                                                                                                                                    
 850.0  X        X        X        X        X                                                                                                                                                                                                                                                                                    
 800.0  X        X        X        X        X                                                                                                                                                                                                                                                                                    
 750.0  X        X        X        X        X                                                                                                                                                                                                                                                                                    
 700.0  X        X        X        X        X                                                                                                                                                                                                                                                                                    
 650.0  X        X        X        X        X                                                                                                                                                                                                                                                                                    
 600.0  X        X        X        X        X                                                                                                                                                                                                                                                                                    
 550.0  X        X        X        X        X                                                                                                                                                                                                                                                                                    
 500.0  X        X        X        X        X                                                                                                                                                                                                                                                                                    
 450.0  X        X        X        X        X                                                                                                                                                                                                                                                                                    
 400.0  X        X        X        X        X                                                                                                                                                                                                                                                                                    
 350.0  X        X        X        X        X                                                                                                                                                                                                                                                                                    
 300.0  X        X        X        X        X                                                                                                                                                                                                                                                                                    
 250.0  X        X        X        X        X                                                                                                                                                                                                                                                                                    
 200.0  X        X        X        X        X                                                                                                                                                                                                                                                                                    
 150.0  X        X        X        X        X                                                                                                                                                                                                                                                                                    
 100.0  X        X        X        X        X                                                                                                                                                                                                                                                                                    
  70.0  X        X        X                 X                                                                                                                                                                                                                                                                                    
  50.0  X        X        X                 X                                                                                                                                                                                                                                                                                    
  30.0  X        X        X                 X                                                                                                                                                                                                                                                                                    
  20.0  X        X        X                 X                                                                                                                                                                                                                                                                                    
  10.0  X        X        X                 X                                                                                                                                                                                                                                                                                    
-------------------------------------------------------------------------------

###############################################################################

Inventory for date = 2006-07-23 06:00:00

PRES   TT       UU       VV       RH       HGT      PSFC     PMSL     SM000010 SM010040 SM040100 SM100200 SM010200 ST000010 ST010040 ST040100 ST100200 ST010200 SEAICE   LANDSEA  SOILHGT  SKINTEMP SNOW     SNOWH    UMAXW    VMAXW    PMAXW    PMAXWNN  TMAXW    HGTMAXW  UTROP    VTROP    PTROP    PTROPNN  TTROP    HGTTROP 
-------------------------------------------------------------------------------
2013.0  O        O        O        O        O        O        X        O        O        O        O        O        O        O        O        O        O        O        O        O        O        O        O        O        O        O        O        O        O        O        O        O        O        O        O      
2001.1  O        O        O        O        O        O        O        O        O        O        O        O        O        O        O        O        O        O        O        O        O        X        O        O        O        O        O        O        O        O        O        O        O        O        O      
2001.0  O        O        X        O        O        O        O        O        O        O        O        O        O        O        O        O        O        O        O        O        O        O        O        O        O        O        O        O        O        O        O        O        O        O        O      
2001.0  O        X        O        O        O        O        O        O        O        O        O        O        O        O        O        O        O        O        O        O        O        O        O        O        O        O        O        O        O        O        O        O        O        O        O      
2001.0  O        O        O        X        O        O        O        O        O        O        O        O        O        O        O        O        O        O        O        O        O        O        O        O        O        O        O        O        O        O        O        O        O        O        O      
2001.0  X        O        O        O        O        X        O        X        X        X        X        O        X        X        X        X        O        X        X        X        X        O        O        O        O        O        O        O        O        O        O        O        O        O        O      
1000.0  X        X        X        X        X                                                                                                                                                                                                                                                                                    
 975.0  X        X        X        X        X                                                                                                                                                                                                                                                                                    
 950.0  X        X        X        X        X                                                                                                                                                                                                                                                                                    
 925.0  X        X        X        X        X                                                                                                                                                                                                                                                                                    
 900.0  X        X        X        X        X                                                                                                                                                                                                                                                                                    
 850.0  X        X        X        X        X                                                                                                                                                                                                                                                                                    
 800.0  X        X        X        X        X                                                                                                                                                                                                                                                                                    
 750.0  X        X        X        X        X                                                                                                                                                                                                                                                                                    
 700.0  X        X        X        X        X                                                                                                                                                                                                                                                                                    
 650.0  X        X        X        X        X                                                                                                                                                                                                                                                                                    
 600.0  X        X        X        X        X                                                                                                                                                                                                                                                                                    
 550.0  X        X        X        X        X                                                                                                                                                                                                                                                                                    
 500.0  X        X        X        X        X                                                                                                                                                                                                                                                                                    
 450.0  X        X        X        X        X                                                                                                                                                                                                                                                                                    
 400.0  X        X        X        X        X                                                                                                                                                                                                                                                                                    
 350.0  X        X        X        X        X                                                                                                                                                                                                                                                                                    
 300.0  X        X        X        X        X                                                                                                                                                                                                                                                                                    
 250.0  X        X        X        X        X                                                                                                                                                                                                                                                                                    
 200.0  X        X        X        X        X                                                                                                                                                                                                                                                                                    
 150.0  X        X        X        X        X                                                                                                                                                                                                                                                                                    
 100.0  X        X        X        X        X                                                                                                                                                                                                                                                                                    
  70.0  X        X        X                 X                                                                                                                                                                                                                                                                                    
  50.0  X        X        X                 X                                                                                                                                                                                                                                                                                    
  30.0  X        X        X                 X                                                                                                                                                                                                                                                                                    
  20.0  X        X        X                 X                                                                                                                                                                                                                                                                                    
  10.0  X        X        X                 X                                                                                                                                                                                                                                                                                    
-------------------------------------------------------------------------------

###############################################################################

Inventory for date = 2006-07-23 12:00:00

PRES   TT       UU       VV       RH       HGT      PSFC     PMSL     SM000010 SM010040 SM040100 SM100200 SM010200 ST000010 ST010040 ST040100 ST100200 ST010200 SEAICE   LANDSEA  SOILHGT  SKINTEMP SNOW     SNOWH    UMAXW    VMAXW    PMAXW    PMAXWNN  TMAXW    HGTMAXW  UTROP    VTROP    PTROP    PTROPNN  TTROP    HGTTROP 
-------------------------------------------------------------------------------
2013.0  O        O        O        O        O        O        X        O        O        O        O        O        O        O        O        O        O        O        O        O        O        O        O        O        O        O        O        O        O        O        O        O        O        O        O      
2001.1  O        O        O        O        O        O        O        O        O        O        O        O        O        O        O        O        O        O        O        O        O        X        O        O        O        O        O        O        O        O        O        O        O        O        O      
2001.0  O        O        X        O        O        O        O        O        O        O        O        O        O        O        O        O        O        O        O        O        O        O        O        O        O        O        O        O        O        O        O        O        O        O        O      
2001.0  O        X        O        O        O        O        O        O        O        O        O        O        O        O        O        O        O        O        O        O        O        O        O        O        O        O        O        O        O        O        O        O        O        O        O      
2001.0  O        O        O        X        O        O        O        O        O        O        O        O        O        O        O        O        O        O        O        O        O        O        O        O        O        O        O        O        O        O        O        O        O        O        O      
2001.0  X        O        O        O        O        X        O        X        X        X        X        O        X        X        X        X        O        X        X        X        X        O        O        O        O        O        O        O        O        O        O        O        O        O        O      
1000.0  X        X        X        X        X                                                                                                                                                                                                                                                                                    
 975.0  X        X        X        X        X                                                                                                                                                                                                                                                                                    
 950.0  X        X        X        X        X                                                                                                                                                                                                                                                                                    
 925.0  X        X        X        X        X                                                                                                                                                                                                                                                                                    
 900.0  X        X        X        X        X                                                                                                                                                                                                                                                                                    
 850.0  X        X        X        X        X                                                                                                                                                                                                                                                                                    
 800.0  X        X        X        X        X                                                                                                                                                                                                                                                                                    
 750.0  X        X        X        X        X                                                                                                                                                                                                                                                                                    
 700.0  X        X        X        X        X                                                                                                                                                                                                                                                                                    
 650.0  X        X        X        X        X                                                                                                                                                                                                                                                                                    
 600.0  X        X        X        X        X                                                                                                                                                                                                                                                                                    
 550.0  X        X        X        X        X                                                                                                                                                                                                                                                                                    
 500.0  X        X        X        X        X                                                                                                                                                                                                                                                                                    
 450.0  X        X        X        X        X                                                                                                                                                                                                                                                                                    
 400.0  X        X        X        X        X                                                                                                                                                                                                                                                                                    
 350.0  X        X        X        X        X                                                                                                                                                                                                                                                                                    
 300.0  X        X        X        X        X                                                                                                                                                                                                                                                                                    
 250.0  X        X        X        X        X                                                                                                                                                                                                                                                                                    
 200.0  X        X        X        X        X                                                                                                                                                                                                                                                                                    
 150.0  X        X        X        X        X                                                                                                                                                                                                                                                                                    
 100.0  X        X        X        X        X                                                                                                                                                                                                                                                                                    
  70.0  X        X        X                 X                                                                                                                                                                                                                                                                                    
  50.0  X        X        X                 X                                                                                                                                                                                                                                                                                    
  30.0  X        X        X                 X                                                                                                                                                                                                                                                                                    
  20.0  X        X        X                 X                                                                                                                                                                                                                                                                                    
  10.0  X        X        X                 X                                                                                                                                                                                                                                                                                    
-------------------------------------------------------------------------------

###############################################################################

Inventory for date = 2006-07-23 00:00:00

PRES   TT       UU       VV       RH       HGT      PSFC     PMSL     SM000010 SM010040 SM040100 SM100200 SM010200 ST000010 ST010040 ST040100 ST100200 ST010200 SEAICE   LANDSEA  SOILHGT  SKINTEMP SNOW     SNOWH    UMAXW    VMAXW    PMAXW    PMAXWNN  TMAXW    HGTMAXW  UTROP    VTROP    PTROP    PTROPNN  TTROP    HGTTROP 
-------------------------------------------------------------------------------
2013.0  O        O        O        O        O        O        X        O        O        O        O        O        O        O        O        O        O        O        O        O        O        O        O        O        O        O        O        O        O        O        O        O        O        O        O      
2001.0  X        X        X        X        O        X        O        X        X        X        X        O        X        X        X        X        O        X        X        X        X        X        X        O        O        O        O        O        O        O        O        O        O        O        O      
1000.0  X        X        X        X        X                                                                                                                                                                                                                                                                                    
 975.0  X        X        X        X        X                                                                                                                                                                                                                                                                                    
 950.0  X        X        X        X        X                                                                                                                                                                                                                                                                                    
 925.0  X        X        X        X        X                                                                                                                                                                                                                                                                                    
 900.0  X        X        X        X        X                                                                                                                                                                                                                                                                                    
 850.0  X        X        X        X        X                                                                                                                                                                                                                                                                                    
 800.0  X        X        X        X        X                                                                                                                                                                                                                                                                                    
 750.0  X        X        X        X        X                                                                                                                                                                                                                                                                                    
 700.0  X        X        X        X        X                                                                                                                                                                                                                                                                                    
 650.0  X        X        X        X        X                                                                                                                                                                                                                                                                                    
 600.0  X        X        X        X        X                                                                                                                                                                                                                                                                                    
 550.0  X        X        X        X        X                                                                                                                                                                                                                                                                                    
 500.0  X        X        X        X        X                                                                                                                                                                                                                                                                                    
 450.0  X        X        X        X        X                                                                                                                                                                                                                                                                                    
 400.0  X        X        X        X        X                                                                                                                                                                                                                                                                                    
 350.0  X        X        X        X        X                                                                                                                                                                                                                                                                                    
 300.0  X        X        X        X        X                                                                                                                                                                                                                                                                                    
 250.0  X        X        X        X        X                                                                                                                                                                                                                                                                                    
 200.0  X        X        X        X        X                                                                                                                                                                                                                                                                                    
 150.0  X        X        X        X        X                                                                                                                                                                                                                                                                                    
 100.0  X        X        X        X        X                                                                                                                                                                                                                                                                                    
  70.0  X        X        X        X        X                                                                                                                                                                                                                                                                                    
  50.0  X        X        X        X        X                                                                                                                                                                                                                                                                                    
  30.0  X        X        X        X        X                                                                                                                                                                                                                                                                                    
  20.0  X        X        X        X        X                                                                                                                                                                                                                                                                                    
  10.0  X        X        X        X        X                                                                                                                                                                                                                                                                                    
-------------------------------------------------------------------------------

###############################################################################

Inventory for date = 2006-07-23 06:00:00

PRES   TT       UU       VV       RH       HGT      PSFC     PMSL     SM000010 SM010040 SM040100 SM100200 SM010200 ST000010 ST010040 ST040100 ST100200 ST010200 SEAICE   LANDSEA  SOILHGT  SKINTEMP SNOW     SNOWH    UMAXW    VMAXW    PMAXW    PMAXWNN  TMAXW    HGTMAXW  UTROP    VTROP    PTROP    PTROPNN  TTROP    HGTTROP 
-------------------------------------------------------------------------------
2013.0  O        O        O        O        O        O        X        O        O        O        O        O        O        O        O        O        O        O        O        O        O        O        O        O        O        O        O        O        O        O        O        O        O        O        O      
2001.0  X        X        X        X        O        X        O        X        X        X        X        O        X        X        X        X        O        X        X        X        X        X        X        O        O        O        O        O        O        O        O        O        O        O        O      
1000.0  X        X        X        X        X                                                                                                                                                                                                                                                                                    
 975.0  X        X        X        X        X                                                                                                                                                                                                                                                                                    
 950.0  X        X        X        X        X                                                                                                                                                                                                                                                                                    
 925.0  X        X        X        X        X                                                                                                                                                                                                                                                                                    
 900.0  X        X        X        X        X                                                                                                                                                                                                                                                                                    
 850.0  X        X        X        X        X                                                                                                                                                                                                                                                                                    
 800.0  X        X        X        X        X                                                                                                                                                                                                                                                                                    
 750.0  X        X        X        X        X                                                                                                                                                                                                                                                                                    
 700.0  X        X        X        X        X                                                                                                                                                                                                                                                                                    
 650.0  X        X        X        X        X                                                                                                                                                                                                                                                                                    
 600.0  X        X        X        X        X                                                                                                                                                                                                                                                                                    
 550.0  X        X        X        X        X                                                                                                                                                                                                                                                                                    
 500.0  X        X        X        X        X                                                                                                                                                                                                                                                                                    
 450.0  X        X        X        X        X                                                                                                                                                                                                                                                                                    
 400.0  X        X        X        X        X                                                                                                                                                                                                                                                                                    
 350.0  X        X        X        X        X                                                                                                                                                                                                                                                                                    
 300.0  X        X        X        X        X                                                                                                                                                                                                                                                                                    
 250.0  X        X        X        X        X                                                                                                                                                                                                                                                                                    
 200.0  X        X        X        X        X                                                                                                                                                                                                                                                                                    
 150.0  X        X        X        X        X                                                                                                                                                                                                                                                                                    
 100.0  X        X        X        X        X                                                                                                                                                                                                                                                                                    
  70.0  X        X        X        X        X                                                                                                                                                                                                                                                                                    
  50.0  X        X        X        X        X                                                                                                                                                                                                                                                                                    
  30.0  X        X        X        X        X                                                                                                                                                                                                                                                                                    
  20.0  X        X        X        X        X                                                                                                                                                                                                                                                                                    
  10.0  X        X        X        X        X                                                                                                                                                                                                                                                                                    
-------------------------------------------------------------------------------

###############################################################################

Inventory for date = 2006-07-23 12:00:00

PRES   TT       UU       VV       RH       HGT      PSFC     PMSL     SM000010 SM010040 SM040100 SM100200 SM010200 ST000010 ST010040 ST040100 ST100200 ST010200 SEAICE   LANDSEA  SOILHGT  SKINTEMP SNOW     SNOWH    UMAXW    VMAXW    PMAXW    PMAXWNN  TMAXW    HGTMAXW  UTROP    VTROP    PTROP    PTROPNN  TTROP    HGTTROP 
-------------------------------------------------------------------------------
2013.0  O        O        O        O        O        O        X        O        O        O        O        O        O        O        O        O        O        O        O        O        O        O        O        O        O        O        O        O        O        O        O        O        O        O        O      
2001.0  X        X        X        X        O        X        O        X        X        X        X        O        X        X        X        X        O        X        X        X        X        X        X        O        O        O        O        O        O        O        O        O        O        O        O      
1000.0  X        X        X        X        X                                                                                                                                                                                                                                                                                    
 975.0  X        X        X        X        X                                                                                                                                                                                                                                                                                    
 950.0  X        X        X        X        X                                                                                                                                                                                                                                                                                    
 925.0  X        X        X        X        X                                                                                                                                                                                                                                                                                    
 900.0  X        X        X        X        X                                                                                                                                                                                                                                                                                    
 850.0  X        X        X        X        X                                                                                                                                                                                                                                                                                    
 800.0  X        X        X        X        X                                                                                                                                                                                                                                                                                    
 750.0  X        X        X        X        X                                                                                                                                                                                                                                                                                    
 700.0  X        X        X        X        X                                                                                                                                                                                                                                                                                    
 650.0  X        X        X        X        X                                                                                                                                                                                                                                                                                    
 600.0  X        X        X        X        X                                                                                                                                                                                                                                                                                    
 550.0  X        X        X        X        X                                                                                                                                                                                                                                                                                    
 500.0  X        X        X        X        X                                                                                                                                                                                                                                                                                    
 450.0  X        X        X        X        X                                                                                                                                                                                                                                                                                    
 400.0  X        X        X        X        X                                                                                                                                                                                                                                                                                    
 350.0  X        X        X        X        X                                                                                                                                                                                                                                                                                    
 300.0  X        X        X        X        X                                                                                                                                                                                                                                                                                    
Subroutine DATINT: Interpolating 3-d files to fill in any missing data...
Looking for data at time 2006-07-23_00
Found file:      FILE:2006-07-23_00
Looking for data at time 2006-07-23_06
Found file:      FILE:2006-07-23_06
Looking for data at time 2006-07-23_12
Found file:      FILE:2006-07-23_12
End Subroutine DATINT.
!!!!!!!!!!!!!!!!!!!!!!!!!!!!!!!!!!!!!!!
!  Successful completion of ungrib.   !
!!!!!!!!!!!!!!!!!!!!!!!!!!!!!!!!!!!!!!!
 Name of source model =>NCEP GFS GDAS/FNL       GRID   3
 Name of source model =>NCEP GFS GDAS/FNL       GRID   3
 Name of source model =>NCEP GFS GDAS/FNL       GRID   3
 250.0  X        X        X        X        X                                                                                                                                                                                                                                                                                    
 200.0  X        X        X        X        X                                                                                                                                                                                                                                                                                    
 150.0  X        X        X        X        X                                                                                                                                                                                                                                                                                    
 100.0  X        X        X        X        X                                                                                                                                                                                                                                                                                    
  70.0  X        X        X        X        X                                                                                                                                                                                                                                                                                    
  50.0  X        X        X        X        X                                                                                                                                                                                                                                                                                    
  30.0  X        X        X        X        X                                                                                                                                                                                                                                                                                    
  20.0  X        X        X        X        X                                                                                                                                                                                                                                                                                    
  10.0  X        X        X        X        X                                                                                                                                                                                                                                                                                    
-------------------------------------------------------------------------------

**********
Deleting temporary files created by ungrib...
**********

Deleting file:  ./PFILE:2006-07-23_00
Deleting file:  ./PFILE:2006-07-23_06
Deleting file:  ./PFILE:2006-07-23_12

**********
Done deleting temporary files.
**********

X         X         X         X         X         -         -         -         -         -         -         -         -         -         -         -         -         -         -         -         -         -         -         -         -         -         -         -         -         -         -         -         -         -         - 
2016-07-01 14:14:51.062 --- -------------------------------------------------
2016-07-01 14:14:51.145 --- INFORM: RRPR: hdate = 2006-07-23_12:00:00
2016-07-01 14:14:51.145 --- Inventory for date = 2006-07-23 12:00:00
2016-07-01 14:14:51.145 ---      PRES        TT        UU        VV        RH       HGT      PSFC      PMSL  SM000010  SM010040  SM040100  SM100200  SM010200  ST000010  ST010040  ST040100  ST100200  ST010200    SEAICE   LANDSEA   SOILHGT  SKINTEMP      SNOW     SNOWH     UMAXW     VMAXW     PMAXW   PMAXWNN     TMAXW   HGTMAXW     UTROP     VTROP     PTROP   PTROPNN     TTROP   HGTTROP 
2016-07-01 14:14:51.145 --- -------------------------------------------------
2016-07-01 14:14:51.145 ---    201300         O         O         O         O         O         O         X         O         O         O         O         O         O         O         O         O         O         O         O         O         O         O         O         O         O         O         O         O         O         O         O         O         O         O         O 
2016-07-01 14:14:51.146 ---    200100         X         X         X         X         O         X         O         X         X         X         X         O         X         X         X         X         O         X         X         X         X         X         X         O         O         O         O         O         O         O         O         O         O         O         O 
2016-07-01 14:14:51.146 ---    100000         X         X         X         X         X         -         -         -         -         -         -         -         -         -         -         -         -         -         -         -         -         -         -         -         -         -         -         -         -         -         -         -         -         -         - 
2016-07-01 14:14:51.146 ---     97500         X         X         X         X         X         -         -         -         -         -         -         -         -         -         -         -         -         -         -         -         -         -         -         -         -         -         -         -         -         -         -         -         -         -         - 
2016-07-01 14:14:51.146 ---     95000         X         X         X         X         X         -         -         -         -         -         -         -         -         -         -         -         -         -         -         -         -         -         -         -         -         -         -         -         -         -         -         -         -         -         - 
2016-07-01 14:14:51.146 ---     92500         X         X         X         X         X         -         -         -         -         -         -         -         -         -         -         -         -         -         -         -         -         -         -         -         -         -         -         -         -         -         -         -         -         -         - 
2016-07-01 14:14:51.146 ---     90000         X         X         X         X         X         -         -         -         -         -         -         -         -         -         -         -         -         -         -         -         -         -         -         -         -         -         -         -         -         -         -         -         -         -         - 
2016-07-01 14:14:51.146 ---     85000         X         X         X         X         X         -         -         -         -         -         -         -         -         -         -         -         -         -         -         -         -         -         -         -         -         -         -         -         -         -         -         -         -         -         - 
2016-07-01 14:14:51.146 ---     80000         X         X         X         X         X         -         -         -         -         -         -         -         -         -         -         -         -         -         -         -         -         -         -         -         -         -         -         -         -         -         -         -         -         -         - 
2016-07-01 14:14:51.147 ---     75000         X         X         X         X         X         -         -         -         -         -         -         -         -         -         -         -         -         -         -         -         -         -         -         -         -         -         -         -         -         -         -         -         -         -         - 
2016-07-01 14:14:51.147 ---     70000         X         X         X         X         X         -         -         -         -         -         -         -         -         -         -         -         -         -         -         -         -         -         -         -         -         -         -         -         -         -         -         -         -         -         - 
2016-07-01 14:14:51.147 ---     65000         X         X         X         X         X         -         -         -         -         -         -         -         -         -         -         -         -         -         -         -         -         -         -         -         -         -         -         -         -         -         -         -         -         -         - 
2016-07-01 14:14:51.147 ---     60000         X         X         X         X         X         -         -         -         -         -         -         -         -         -         -         -         -         -         -         -         -         -         -         -         -         -         -         -         -         -         -         -         -         -         - 
2016-07-01 14:14:51.147 ---     55000         X         X         X         X         X         -         -         -         -         -         -         -         -         -         -         -         -         -         -         -         -         -         -         -         -         -         -         -         -         -         -         -         -         -         - 
2016-07-01 14:14:51.147 ---     50000         X         X         X         X         X         -         -         -         -         -         -         -         -         -         -         -         -         -         -         -         -         -         -         -         -         -         -         -         -         -         -         -         -         -         - 
2016-07-01 14:14:51.147 ---     45000         X         X         X         X         X         -         -         -         -         -         -         -         -         -         -         -         -         -         -         -         -         -         -         -         -         -         -         -         -         -         -         -         -         -         - 
2016-07-01 14:14:51.147 ---     40000         X         X         X         X         X         -         -         -         -         -         -         -         -         -         -         -         -         -         -         -         -         -         -         -         -         -         -         -         -         -         -         -         -         -         - 
2016-07-01 14:14:51.147 ---     35000         X         X         X         X         X         -         -         -         -         -         -         -         -         -         -         -         -         -         -         -         -         -         -         -         -         -         -         -         -         -         -         -         -         -         - 
2016-07-01 14:14:51.148 ---     30000         X         X         X         X         X         -         -         -         -         -         -         -         -         -         -         -         -         -         -         -         -         -         -         -         -         -         -         -         -         -         -         -         -         -         - 
2016-07-01 14:14:51.148 ---     25000         X         X         X         X         X         -         -         -         -         -         -         -         -         -         -         -         -         -         -         -         -         -         -         -         -         -         -         -         -         -         -         -         -         -         - 
2016-07-01 14:14:51.148 ---     20000         X         X         X         X         X         -         -         -         -         -         -         -         -         -         -         -         -         -         -         -         -         -         -         -         -         -         -         -         -         -         -         -         -         -         - 
2016-07-01 14:14:51.148 ---     15000         X         X         X         X         X         -         -         -         -         -         -         -         -         -         -         -         -         -         -         -         -         -         -         -         -         -         -         -         -         -         -         -         -         -         - 
2016-07-01 14:14:51.148 ---     10000         X         X         X         X         X         -         -         -         -         -         -         -         -         -         -         -         -         -         -         -         -         -         -         -         -         -         -         -         -         -         -         -         -         -         - 
2016-07-01 14:14:51.148 ---      7000         X         X         X         X         X         -         -         -         -         -         -         -         -         -         -         -         -         -         -         -         -         -         -         -         -         -         -         -         -         -         -         -         -         -         - 
2016-07-01 14:14:51.148 ---      5000         X         X         X         X         X         -         -         -         -         -         -         -         -         -         -         -         -         -         -         -         -         -         -         -         -         -         -         -         -         -         -         -         -         -         - 
2016-07-01 14:14:51.148 ---      3000         X         X         X         X         X         -         -         -         -         -         -         -         -         -         -         -         -         -         -         -         -         -         -         -         -         -         -         -         -         -         -         -         -         -         - 
2016-07-01 14:14:51.149 ---      2000         X         X         X         X         X         -         -         -         -         -         -         -         -         -         -         -         -         -         -         -         -         -         -         -         -         -         -         -         -         -         -         -         -         -         - 
2016-07-01 14:14:51.149 ---      1000         X         X         X         X         X         -         -         -         -         -         -         -         -         -         -         -         -         -         -         -         -         -         -         -         -         -         -         -         -         -         -         -         -         -         - 
2016-07-01 14:14:51.149 --- -------------------------------------------------
2016-07-01 14:14:51.175 --- Subroutine DATINT: Interpolating 3-d files to fill in any missing data...
2016-07-01 14:14:51.175 --- Looking for data at time 2006-07-23_00
2016-07-01 14:14:51.175 --- Found file:      FILE:2006-07-23_00
2016-07-01 14:14:51.175 --- Looking for data at time 2006-07-23_06
2016-07-01 14:14:51.175 --- Found file:      FILE:2006-07-23_06
2016-07-01 14:14:51.175 --- Looking for data at time 2006-07-23_12
2016-07-01 14:14:51.175 --- Found file:      FILE:2006-07-23_12
2016-07-01 14:14:51.175 --- End Subroutine DATINT.
2016-07-01 14:14:51.175 --- ****  Deleting temporary files created by ungrib...
2016-07-01 14:14:51.175 ---  Deleting file: ./PFILE:2006-07-23_00
2016-07-01 14:14:51.179 ---  Deleting file: ./PFILE:2006-07-23_06
2016-07-01 14:14:51.183 ---  Deleting file: ./PFILE:2006-07-23_12
2016-07-01 14:14:51.187 --- ****  Done deleting temporary files.
2016-07-01 14:14:51.187 ---  *** Successful completion of program ungrib.exe ***
